2022-10-08 10:39:30,543 INFO org.springframework.boot.StartupInfoLogger [main] Starting EmployeeRestServiceApplication using Java 1.8.0_282 on HP-Z2-G4 with PID 5172 (C:\Users\Sebastian\Spring-Boot\employee-rest-service\target\classes started by Sebastian in C:\Users\Sebastian\Spring-Boot\employee-rest-service)
2022-10-08 10:39:30,545 DEBUG org.springframework.boot.StartupInfoLogger [main] Running with Spring Boot v2.4.2, Spring v5.3.3
2022-10-08 10:39:30,545 INFO org.springframework.boot.SpringApplication [main] No active profile set, falling back to default profiles: default
2022-10-08 10:39:31,061 INFO org.springframework.data.repository.config.RepositoryConfigurationDelegate [main] Bootstrapping Spring Data JPA repositories in DEFAULT mode.
2022-10-08 10:39:31,096 INFO org.springframework.data.repository.config.RepositoryConfigurationDelegate [main] Finished Spring Data repository scanning in 30 ms. Found 2 JPA repository interfaces.
2022-10-08 10:39:31,465 INFO org.springframework.boot.web.embedded.tomcat.TomcatWebServer [main] Tomcat initialized with port(s): 8080 (http)
2022-10-08 10:39:31,471 INFO org.apache.juli.logging.DirectJDKLog [main] Initializing ProtocolHandler ["http-nio-8080"]
2022-10-08 10:39:31,471 INFO org.apache.juli.logging.DirectJDKLog [main] Starting service [Tomcat]
2022-10-08 10:39:31,472 INFO org.apache.juli.logging.DirectJDKLog [main] Starting Servlet engine: [Apache Tomcat/9.0.41]
2022-10-08 10:39:31,643 INFO org.apache.juli.logging.DirectJDKLog [main] Initializing Spring embedded WebApplicationContext
2022-10-08 10:39:31,644 INFO org.springframework.boot.web.servlet.context.ServletWebServerApplicationContext [main] Root WebApplicationContext: initialization completed in 1071 ms
2022-10-08 10:39:31,781 INFO com.zaxxer.hikari.HikariDataSource [main] HikariPool-1 - Starting...
2022-10-08 10:39:31,842 INFO com.zaxxer.hikari.HikariDataSource [main] HikariPool-1 - Start completed.
2022-10-08 10:39:31,869 INFO org.hibernate.jpa.internal.util.LogHelper [main] HHH000204: Processing PersistenceUnitInfo [name: default]
2022-10-08 10:39:31,963 INFO org.hibernate.Version [main] HHH000412: Hibernate ORM core version 5.4.27.Final
2022-10-08 10:39:32,041 INFO org.hibernate.annotations.common.reflection.java.JavaReflectionManager [main] HCANN000001: Hibernate Commons Annotations {5.1.2.Final}
2022-10-08 10:39:32,112 INFO org.hibernate.dialect.Dialect [main] HHH000400: Using dialect: org.hibernate.dialect.H2Dialect
2022-10-08 10:39:32,456 INFO org.hibernate.engine.transaction.jta.platform.internal.JtaPlatformInitiator [main] HHH000490: Using JtaPlatform implementation: [org.hibernate.engine.transaction.jta.platform.internal.NoJtaPlatform]
2022-10-08 10:39:32,462 INFO org.springframework.orm.jpa.AbstractEntityManagerFactoryBean [main] Initialized JPA EntityManagerFactory for persistence unit 'default'
2022-10-08 10:39:32,635 WARN org.springframework.boot.autoconfigure.orm.jpa.JpaBaseConfiguration$JpaWebConfiguration [main] spring.jpa.open-in-view is enabled by default. Therefore, database queries may be performed during view rendering. Explicitly configure spring.jpa.open-in-view to disable this warning
2022-10-08 10:39:32,731 INFO org.springframework.scheduling.concurrent.ExecutorConfigurationSupport [main] Initializing ExecutorService 'applicationTaskExecutor'
2022-10-08 10:39:32,892 INFO org.springframework.boot.actuate.endpoint.web.EndpointLinksResolver [main] Exposing 3 endpoint(s) beneath base path '/actuator'
2022-10-08 10:39:32,907 INFO org.apache.juli.logging.DirectJDKLog [main] Starting ProtocolHandler ["http-nio-8080"]
2022-10-08 10:39:32,928 INFO org.springframework.boot.web.embedded.tomcat.TomcatWebServer [main] Tomcat started on port(s): 8080 (http) with context path ''
2022-10-08 10:39:32,937 INFO org.springframework.boot.StartupInfoLogger [main] Started EmployeeRestServiceApplication in 2.677 seconds (JVM running for 3.069)
2022-10-08 10:39:33,007 INFO payroll.LoadDatabase [main] Preloading Employee [id=1, firstName=Miguel, lastName=Lacalle-Estrada, role=Purchasing Director, dob=1929-05-12T12:25:34]
2022-10-08 10:39:33,008 INFO payroll.LoadDatabase [main] Preloading Employee [id=2, firstName=Jeffrey, lastName=Jorgensen, role=Procurement Manager, dob=1993-05-12T12:25:34]
2022-10-08 10:39:33,009 INFO payroll.LoadDatabase [main] Preloading Employee [id=3, firstName=Amanda, lastName=Kubernetes, role=Press Director, dob=1972-05-12T12:25:34]
2022-10-08 10:39:33,010 INFO payroll.LoadDatabase [main] Preloading Employee [id=4, firstName=Gerald, lastName=Furmanton, role=General Acccounting Manager, dob=1963-05-12T12:25:34]
2022-10-08 10:39:33,010 INFO payroll.LoadDatabase [main] Preloading Employee [id=5, firstName=Lorraine, lastName=Richards, role=human Resources, dob=1991-05-12T12:25:34]
2022-10-08 10:39:33,011 INFO payroll.LoadDatabase [main] Preloading Employee [id=6, firstName=Juliet, lastName=Flanagram, role=Marketing Deputy Manager, dob=1994-05-12T12:25:34]
2022-10-08 10:39:33,079 INFO payroll.LoadDatabase [main] Preloaded Order{id=7, description='MacBook Pro', status=COMPLETED}
2022-10-08 10:39:33,080 INFO payroll.LoadDatabase [main] Preloaded Order{id=8, description='iPhone', status=IN_PROGRESS}
2022-10-08 10:39:33,080 INFO payroll.LoadDatabase [main] Preloaded Order{id=9, description='Hp Z2 G4 WorkStation', status=IN_PROGRESS}
2022-10-08 10:39:33,080 INFO payroll.EmployeeRestServiceApplication [main] Employee-Rest-Service Application started successfully !
2022-10-08 10:40:27,900 INFO org.apache.juli.logging.DirectJDKLog [http-nio-8080-exec-1] Initializing Spring DispatcherServlet 'dispatcherServlet'
2022-10-08 10:40:27,900 INFO org.springframework.web.servlet.FrameworkServlet [http-nio-8080-exec-1] Initializing Servlet 'dispatcherServlet'
2022-10-08 10:40:27,901 INFO org.springframework.web.servlet.FrameworkServlet [http-nio-8080-exec-1] Completed initialization in 1 ms
2022-10-08 10:40:27,916 TRACE payroll.EmployeeController [http-nio-8080-exec-1] A TRACE Log
2022-10-08 10:40:27,916 DEBUG payroll.EmployeeController [http-nio-8080-exec-1] A DEBUG Log
2022-10-08 10:40:27,917 INFO payroll.EmployeeController [http-nio-8080-exec-1] An INFO Log
2022-10-08 10:40:27,917 WARN payroll.EmployeeController [http-nio-8080-exec-1] A WARN Log
2022-10-08 10:40:27,917 ERROR payroll.EmployeeController [http-nio-8080-exec-1] An ERROR Log
2022-10-08 10:41:41,424 INFO org.springframework.scheduling.concurrent.ExecutorConfigurationSupport [Thread-3] Shutting down ExecutorService 'applicationTaskExecutor'
2022-10-08 10:41:41,426 INFO org.springframework.orm.jpa.AbstractEntityManagerFactoryBean [Thread-3] Closing JPA EntityManagerFactory for persistence unit 'default'
2022-10-08 10:41:41,426 INFO org.hibernate.tool.schema.internal.SchemaDropperImpl$DelayedDropActionImpl [Thread-3] HHH000477: Starting delayed evictData of schema as part of SessionFactory shut-down'
2022-10-08 10:41:41,431 INFO com.zaxxer.hikari.HikariDataSource [Thread-3] HikariPool-1 - Shutdown initiated...
2022-10-08 10:41:41,432 INFO com.zaxxer.hikari.HikariDataSource [Thread-3] HikariPool-1 - Shutdown completed.
2022-10-08 11:07:49,614 INFO org.springframework.data.repository.config.RepositoryConfigurationDelegate [main] Bootstrapping Spring Data JPA repositories in DEFAULT mode.
2022-10-08 11:07:49,651 INFO org.springframework.data.repository.config.RepositoryConfigurationDelegate [main] Finished Spring Data repository scanning in 30 ms. Found 2 JPA repository interfaces.
2022-10-08 11:07:50,017 INFO org.springframework.boot.web.embedded.tomcat.TomcatWebServer [main] Tomcat initialized with port(s): 8080 (http)
2022-10-08 11:07:50,023 INFO org.apache.juli.logging.DirectJDKLog [main] Initializing ProtocolHandler ["http-nio-8080"]
2022-10-08 11:07:50,023 INFO org.apache.juli.logging.DirectJDKLog [main] Starting service [Tomcat]
2022-10-08 11:07:50,024 INFO org.apache.juli.logging.DirectJDKLog [main] Starting Servlet engine: [Apache Tomcat/9.0.41]
2022-10-08 11:07:50,197 INFO org.apache.juli.logging.DirectJDKLog [main] Initializing Spring embedded WebApplicationContext
2022-10-08 11:07:50,197 INFO org.springframework.boot.web.servlet.context.ServletWebServerApplicationContext [main] Root WebApplicationContext: initialization completed in 1067 ms
2022-10-08 11:07:50,335 INFO com.zaxxer.hikari.HikariDataSource [main] HikariPool-1 - Starting...
2022-10-08 11:07:50,397 INFO com.zaxxer.hikari.HikariDataSource [main] HikariPool-1 - Start completed.
2022-10-08 11:07:50,457 INFO org.hibernate.jpa.internal.util.LogHelper [main] HHH000204: Processing PersistenceUnitInfo [name: default]
2022-10-08 11:07:50,486 INFO org.hibernate.Version [main] HHH000412: Hibernate ORM core version 5.4.27.Final
2022-10-08 11:07:50,563 INFO org.hibernate.annotations.common.reflection.java.JavaReflectionManager [main] HCANN000001: Hibernate Commons Annotations {5.1.2.Final}
2022-10-08 11:07:50,632 INFO org.hibernate.dialect.Dialect [main] HHH000400: Using dialect: org.hibernate.dialect.H2Dialect
2022-10-08 11:07:50,971 INFO org.hibernate.engine.transaction.jta.platform.internal.JtaPlatformInitiator [main] HHH000490: Using JtaPlatform implementation: [org.hibernate.engine.transaction.jta.platform.internal.NoJtaPlatform]
2022-10-08 11:07:50,976 INFO org.springframework.orm.jpa.AbstractEntityManagerFactoryBean [main] Initialized JPA EntityManagerFactory for persistence unit 'default'
2022-10-08 11:07:51,145 WARN org.springframework.boot.autoconfigure.orm.jpa.JpaBaseConfiguration$JpaWebConfiguration [main] spring.jpa.open-in-view is enabled by default. Therefore, database queries may be performed during view rendering. Explicitly configure spring.jpa.open-in-view to disable this warning
2022-10-08 11:07:51,242 INFO org.springframework.scheduling.concurrent.ExecutorConfigurationSupport [main] Initializing ExecutorService 'applicationTaskExecutor'
2022-10-08 11:07:51,400 INFO org.springframework.boot.actuate.endpoint.web.EndpointLinksResolver [main] Exposing 3 endpoint(s) beneath base path '/actuator'
2022-10-08 11:07:51,414 INFO org.apache.juli.logging.DirectJDKLog [main] Starting ProtocolHandler ["http-nio-8080"]
2022-10-08 11:07:51,436 INFO org.springframework.boot.web.embedded.tomcat.TomcatWebServer [main] Tomcat started on port(s): 8080 (http) with context path ''
2022-10-08 11:08:04,657 INFO org.apache.juli.logging.DirectJDKLog [http-nio-8080-exec-1] Initializing Spring DispatcherServlet 'dispatcherServlet'
2022-10-08 11:08:04,657 INFO org.springframework.web.servlet.FrameworkServlet [http-nio-8080-exec-1] Initializing Servlet 'dispatcherServlet'
2022-10-08 11:08:04,658 INFO org.springframework.web.servlet.FrameworkServlet [http-nio-8080-exec-1] Completed initialization in 0 ms
2022-10-08 11:08:04,673 WARN payroll.EmployeeController [http-nio-8080-exec-1] A WARN Log
2022-10-08 11:08:04,673 ERROR payroll.EmployeeController [http-nio-8080-exec-1] An ERROR Log
2022-10-08 11:26:58,810 INFO org.springframework.scheduling.concurrent.ExecutorConfigurationSupport [Thread-3] Shutting down ExecutorService 'applicationTaskExecutor'
2022-10-08 11:26:58,812 INFO org.springframework.orm.jpa.AbstractEntityManagerFactoryBean [Thread-3] Closing JPA EntityManagerFactory for persistence unit 'default'
2022-10-08 11:26:58,812 INFO org.hibernate.tool.schema.internal.SchemaDropperImpl$DelayedDropActionImpl [Thread-3] HHH000477: Starting delayed evictData of schema as part of SessionFactory shut-down'
2022-10-08 11:26:58,816 INFO com.zaxxer.hikari.HikariDataSource [Thread-3] HikariPool-1 - Shutdown initiated...
2022-10-08 11:26:58,817 INFO com.zaxxer.hikari.HikariDataSource [Thread-3] HikariPool-1 - Shutdown completed.
2022-10-08 11:27:14,299 INFO org.springframework.data.repository.config.RepositoryConfigurationDelegate [main] Bootstrapping Spring Data JPA repositories in DEFAULT mode.
2022-10-08 11:27:14,337 INFO org.springframework.data.repository.config.RepositoryConfigurationDelegate [main] Finished Spring Data repository scanning in 29 ms. Found 2 JPA repository interfaces.
2022-10-08 11:27:14,702 INFO org.springframework.boot.web.embedded.tomcat.TomcatWebServer [main] Tomcat initialized with port(s): 8080 (http)
2022-10-08 11:27:14,708 INFO org.apache.juli.logging.DirectJDKLog [main] Initializing ProtocolHandler ["http-nio-8080"]
2022-10-08 11:27:14,708 INFO org.apache.juli.logging.DirectJDKLog [main] Starting service [Tomcat]
2022-10-08 11:27:14,708 INFO org.apache.juli.logging.DirectJDKLog [main] Starting Servlet engine: [Apache Tomcat/9.0.41]
2022-10-08 11:27:14,883 INFO org.apache.juli.logging.DirectJDKLog [main] Initializing Spring embedded WebApplicationContext
2022-10-08 11:27:14,883 INFO org.springframework.boot.web.servlet.context.ServletWebServerApplicationContext [main] Root WebApplicationContext: initialization completed in 1070 ms
2022-10-08 11:27:15,020 INFO com.zaxxer.hikari.HikariDataSource [main] HikariPool-1 - Starting...
2022-10-08 11:27:15,081 INFO com.zaxxer.hikari.HikariDataSource [main] HikariPool-1 - Start completed.
2022-10-08 11:27:15,169 INFO org.hibernate.jpa.internal.util.LogHelper [main] HHH000204: Processing PersistenceUnitInfo [name: default]
2022-10-08 11:27:15,216 INFO org.hibernate.Version [main] HHH000412: Hibernate ORM core version 5.4.27.Final
2022-10-08 11:27:15,292 INFO org.hibernate.annotations.common.reflection.java.JavaReflectionManager [main] HCANN000001: Hibernate Commons Annotations {5.1.2.Final}
2022-10-08 11:27:15,361 INFO org.hibernate.dialect.Dialect [main] HHH000400: Using dialect: org.hibernate.dialect.H2Dialect
2022-10-08 11:27:15,701 INFO org.hibernate.engine.transaction.jta.platform.internal.JtaPlatformInitiator [main] HHH000490: Using JtaPlatform implementation: [org.hibernate.engine.transaction.jta.platform.internal.NoJtaPlatform]
2022-10-08 11:27:15,707 INFO org.springframework.orm.jpa.AbstractEntityManagerFactoryBean [main] Initialized JPA EntityManagerFactory for persistence unit 'default'
2022-10-08 11:27:15,877 WARN org.springframework.boot.autoconfigure.orm.jpa.JpaBaseConfiguration$JpaWebConfiguration [main] spring.jpa.open-in-view is enabled by default. Therefore, database queries may be performed during view rendering. Explicitly configure spring.jpa.open-in-view to disable this warning
2022-10-08 11:27:15,972 INFO org.springframework.scheduling.concurrent.ExecutorConfigurationSupport [main] Initializing ExecutorService 'applicationTaskExecutor'
2022-10-08 11:27:16,131 INFO org.springframework.boot.actuate.endpoint.web.EndpointLinksResolver [main] Exposing 3 endpoint(s) beneath base path '/actuator'
2022-10-08 11:27:16,146 INFO org.apache.juli.logging.DirectJDKLog [main] Starting ProtocolHandler ["http-nio-8080"]
2022-10-08 11:27:16,167 INFO org.springframework.boot.web.embedded.tomcat.TomcatWebServer [main] Tomcat started on port(s): 8080 (http) with context path ''
2022-10-08 11:27:53,464 INFO org.apache.juli.logging.DirectJDKLog [http-nio-8080-exec-1] Initializing Spring DispatcherServlet 'dispatcherServlet'
2022-10-08 11:27:53,465 INFO org.springframework.web.servlet.FrameworkServlet [http-nio-8080-exec-1] Initializing Servlet 'dispatcherServlet'
2022-10-08 11:27:53,466 INFO org.springframework.web.servlet.FrameworkServlet [http-nio-8080-exec-1] Completed initialization in 1 ms
2022-10-08 11:27:53,480 WARN payroll.EmployeeController [http-nio-8080-exec-1] A WARN Log
2022-10-08 11:27:53,481 ERROR payroll.EmployeeController [http-nio-8080-exec-1] An ERROR Log
2022-10-08 11:30:12,985 INFO org.springframework.scheduling.concurrent.ExecutorConfigurationSupport [Thread-3] Shutting down ExecutorService 'applicationTaskExecutor'
2022-10-08 11:30:12,986 INFO org.springframework.orm.jpa.AbstractEntityManagerFactoryBean [Thread-3] Closing JPA EntityManagerFactory for persistence unit 'default'
2022-10-08 11:30:12,987 INFO org.hibernate.tool.schema.internal.SchemaDropperImpl$DelayedDropActionImpl [Thread-3] HHH000477: Starting delayed evictData of schema as part of SessionFactory shut-down'
2022-10-08 11:30:12,991 INFO com.zaxxer.hikari.HikariDataSource [Thread-3] HikariPool-1 - Shutdown initiated...
2022-10-08 11:30:12,992 INFO com.zaxxer.hikari.HikariDataSource [Thread-3] HikariPool-1 - Shutdown completed.
2022-10-08 11:30:34,426 INFO org.springframework.boot.StartupInfoLogger [main] Starting EmployeeRestServiceApplication using Java 1.8.0_282 on HP-Z2-G4 with PID 16000 (C:\Users\Sebastian\Spring-Boot\employee-rest-service\target\classes started by Sebastian in C:\Users\Sebastian\Spring-Boot\employee-rest-service)
2022-10-08 11:30:34,428 DEBUG org.springframework.boot.StartupInfoLogger [main] Running with Spring Boot v2.4.2, Spring v5.3.3
2022-10-08 11:30:34,428 INFO org.springframework.boot.SpringApplication [main] No active profile set, falling back to default profiles: default
2022-10-08 11:30:34,940 INFO org.springframework.data.repository.config.RepositoryConfigurationDelegate [main] Bootstrapping Spring Data JPA repositories in DEFAULT mode.
2022-10-08 11:30:34,975 INFO org.springframework.data.repository.config.RepositoryConfigurationDelegate [main] Finished Spring Data repository scanning in 29 ms. Found 2 JPA repository interfaces.
2022-10-08 11:30:35,337 INFO org.springframework.boot.web.embedded.tomcat.TomcatWebServer [main] Tomcat initialized with port(s): 8080 (http)
2022-10-08 11:30:35,343 INFO org.apache.juli.logging.DirectJDKLog [main] Initializing ProtocolHandler ["http-nio-8080"]
2022-10-08 11:30:35,343 INFO org.apache.juli.logging.DirectJDKLog [main] Starting service [Tomcat]
2022-10-08 11:30:35,344 INFO org.apache.juli.logging.DirectJDKLog [main] Starting Servlet engine: [Apache Tomcat/9.0.41]
2022-10-08 11:30:35,522 INFO org.apache.juli.logging.DirectJDKLog [main] Initializing Spring embedded WebApplicationContext
2022-10-08 11:30:35,524 INFO org.springframework.boot.web.servlet.context.ServletWebServerApplicationContext [main] Root WebApplicationContext: initialization completed in 1068 ms
2022-10-08 11:30:35,661 INFO com.zaxxer.hikari.HikariDataSource [main] HikariPool-1 - Starting...
2022-10-08 11:30:35,729 INFO com.zaxxer.hikari.HikariDataSource [main] HikariPool-1 - Start completed.
2022-10-08 11:30:35,759 INFO org.hibernate.jpa.internal.util.LogHelper [main] HHH000204: Processing PersistenceUnitInfo [name: default]
2022-10-08 11:30:35,828 INFO org.hibernate.Version [main] HHH000412: Hibernate ORM core version 5.4.27.Final
2022-10-08 11:30:35,908 INFO org.hibernate.annotations.common.reflection.java.JavaReflectionManager [main] HCANN000001: Hibernate Commons Annotations {5.1.2.Final}
2022-10-08 11:30:35,979 INFO org.hibernate.dialect.Dialect [main] HHH000400: Using dialect: org.hibernate.dialect.H2Dialect
2022-10-08 11:30:36,320 INFO org.hibernate.engine.transaction.jta.platform.internal.JtaPlatformInitiator [main] HHH000490: Using JtaPlatform implementation: [org.hibernate.engine.transaction.jta.platform.internal.NoJtaPlatform]
2022-10-08 11:30:36,326 INFO org.springframework.orm.jpa.AbstractEntityManagerFactoryBean [main] Initialized JPA EntityManagerFactory for persistence unit 'default'
2022-10-08 11:30:36,496 WARN org.springframework.boot.autoconfigure.orm.jpa.JpaBaseConfiguration$JpaWebConfiguration [main] spring.jpa.open-in-view is enabled by default. Therefore, database queries may be performed during view rendering. Explicitly configure spring.jpa.open-in-view to disable this warning
2022-10-08 11:30:36,593 INFO org.springframework.scheduling.concurrent.ExecutorConfigurationSupport [main] Initializing ExecutorService 'applicationTaskExecutor'
2022-10-08 11:30:36,750 INFO org.springframework.boot.actuate.endpoint.web.EndpointLinksResolver [main] Exposing 3 endpoint(s) beneath base path '/actuator'
2022-10-08 11:30:36,765 INFO org.apache.juli.logging.DirectJDKLog [main] Starting ProtocolHandler ["http-nio-8080"]
2022-10-08 11:30:36,785 INFO org.springframework.boot.web.embedded.tomcat.TomcatWebServer [main] Tomcat started on port(s): 8080 (http) with context path ''
2022-10-08 11:30:36,794 INFO org.springframework.boot.StartupInfoLogger [main] Started EmployeeRestServiceApplication in 2.65 seconds (JVM running for 3.04)
2022-10-08 11:30:36,854 INFO payroll.LoadDatabase [main] Preloading Employee [id=1, firstName=Miguel, lastName=Lacalle-Estrada, role=Purchasing Director, dob=1929-05-12T12:25:34]
2022-10-08 11:30:36,855 INFO payroll.LoadDatabase [main] Preloading Employee [id=2, firstName=Jeffrey, lastName=Jorgensen, role=Procurement Manager, dob=1993-05-12T12:25:34]
2022-10-08 11:30:36,855 INFO payroll.LoadDatabase [main] Preloading Employee [id=3, firstName=Amanda, lastName=Kubernetes, role=Press Director, dob=1972-05-12T12:25:34]
2022-10-08 11:30:36,856 INFO payroll.LoadDatabase [main] Preloading Employee [id=4, firstName=Gerald, lastName=Furmanton, role=General Acccounting Manager, dob=1963-05-12T12:25:34]
2022-10-08 11:30:36,857 INFO payroll.LoadDatabase [main] Preloading Employee [id=5, firstName=Lorraine, lastName=Richards, role=human Resources, dob=1991-05-12T12:25:34]
2022-10-08 11:30:36,858 INFO payroll.LoadDatabase [main] Preloading Employee [id=6, firstName=Juliet, lastName=Flanagram, role=Marketing Deputy Manager, dob=1994-05-12T12:25:34]
2022-10-08 11:30:36,938 INFO payroll.LoadDatabase [main] Preloaded Order{id=7, description='MacBook Pro', status=COMPLETED}
2022-10-08 11:30:36,938 INFO payroll.LoadDatabase [main] Preloaded Order{id=8, description='iPhone', status=IN_PROGRESS}
2022-10-08 11:30:36,938 INFO payroll.LoadDatabase [main] Preloaded Order{id=9, description='Hp Z2 G4 WorkStation', status=IN_PROGRESS}
2022-10-08 11:30:36,939 INFO payroll.EmployeeRestServiceApplication [main] Employee-Rest-Service Application started successfully !
2022-10-08 11:40:03,592 INFO org.apache.juli.logging.DirectJDKLog [http-nio-8080-exec-1] Initializing Spring DispatcherServlet 'dispatcherServlet'
2022-10-08 11:40:03,593 INFO org.springframework.web.servlet.FrameworkServlet [http-nio-8080-exec-1] Initializing Servlet 'dispatcherServlet'
2022-10-08 11:40:03,594 INFO org.springframework.web.servlet.FrameworkServlet [http-nio-8080-exec-1] Completed initialization in 1 ms
2022-10-08 11:40:04,195 INFO org.springframework.scheduling.concurrent.ExecutorConfigurationSupport [Thread-3] Shutting down ExecutorService 'applicationTaskExecutor'
2022-10-08 11:40:04,196 INFO org.springframework.orm.jpa.AbstractEntityManagerFactoryBean [Thread-3] Closing JPA EntityManagerFactory for persistence unit 'default'
2022-10-08 11:40:04,197 INFO org.hibernate.tool.schema.internal.SchemaDropperImpl$DelayedDropActionImpl [Thread-3] HHH000477: Starting delayed evictData of schema as part of SessionFactory shut-down'
2022-10-08 11:40:04,201 INFO com.zaxxer.hikari.HikariDataSource [Thread-3] HikariPool-1 - Shutdown initiated...
2022-10-08 11:40:04,202 INFO com.zaxxer.hikari.HikariDataSource [Thread-3] HikariPool-1 - Shutdown completed.
2022-10-08 11:40:13,436 INFO org.springframework.boot.StartupInfoLogger [main] Starting EmployeeRestServiceApplication using Java 1.8.0_282 on HP-Z2-G4 with PID 130996 (C:\Users\Sebastian\Spring-Boot\employee-rest-service\target\classes started by Sebastian in C:\Users\Sebastian\Spring-Boot\employee-rest-service)
2022-10-08 11:40:13,438 DEBUG org.springframework.boot.StartupInfoLogger [main] Running with Spring Boot v2.4.2, Spring v5.3.3
2022-10-08 11:40:13,439 INFO org.springframework.boot.SpringApplication [main] No active profile set, falling back to default profiles: default
2022-10-08 11:40:13,953 INFO org.springframework.data.repository.config.RepositoryConfigurationDelegate [main] Bootstrapping Spring Data JPA repositories in DEFAULT mode.
2022-10-08 11:40:13,988 INFO org.springframework.data.repository.config.RepositoryConfigurationDelegate [main] Finished Spring Data repository scanning in 30 ms. Found 2 JPA repository interfaces.
2022-10-08 11:40:14,362 INFO org.springframework.boot.web.embedded.tomcat.TomcatWebServer [main] Tomcat initialized with port(s): 8080 (http)
2022-10-08 11:40:14,368 INFO org.apache.juli.logging.DirectJDKLog [main] Initializing ProtocolHandler ["http-nio-8080"]
2022-10-08 11:40:14,368 INFO org.apache.juli.logging.DirectJDKLog [main] Starting service [Tomcat]
2022-10-08 11:40:14,369 INFO org.apache.juli.logging.DirectJDKLog [main] Starting Servlet engine: [Apache Tomcat/9.0.41]
2022-10-08 11:40:14,548 INFO org.apache.juli.logging.DirectJDKLog [main] Initializing Spring embedded WebApplicationContext
2022-10-08 11:40:14,548 INFO org.springframework.boot.web.servlet.context.ServletWebServerApplicationContext [main] Root WebApplicationContext: initialization completed in 1082 ms
2022-10-08 11:40:14,678 INFO com.zaxxer.hikari.HikariDataSource [main] HikariPool-1 - Starting...
2022-10-08 11:40:14,740 INFO com.zaxxer.hikari.HikariDataSource [main] HikariPool-1 - Start completed.
2022-10-08 11:40:14,766 INFO org.hibernate.jpa.internal.util.LogHelper [main] HHH000204: Processing PersistenceUnitInfo [name: default]
2022-10-08 11:40:14,849 INFO org.hibernate.Version [main] HHH000412: Hibernate ORM core version 5.4.27.Final
2022-10-08 11:40:14,925 INFO org.hibernate.annotations.common.reflection.java.JavaReflectionManager [main] HCANN000001: Hibernate Commons Annotations {5.1.2.Final}
2022-10-08 11:40:14,995 INFO org.hibernate.dialect.Dialect [main] HHH000400: Using dialect: org.hibernate.dialect.H2Dialect
2022-10-08 11:40:15,335 INFO org.hibernate.engine.transaction.jta.platform.internal.JtaPlatformInitiator [main] HHH000490: Using JtaPlatform implementation: [org.hibernate.engine.transaction.jta.platform.internal.NoJtaPlatform]
2022-10-08 11:40:15,341 INFO org.springframework.orm.jpa.AbstractEntityManagerFactoryBean [main] Initialized JPA EntityManagerFactory for persistence unit 'default'
2022-10-08 11:40:15,345 INFO org.springframework.beans.factory.annotation.AutowiredAnnotationBeanPostProcessor [main] Autowired annotation is not supported on static fields: private static org.springframework.boot.autoconfigure.web.ServerProperties payroll.EmployeeRestServiceApplication.serverProperties
2022-10-08 11:40:15,513 WARN org.springframework.boot.autoconfigure.orm.jpa.JpaBaseConfiguration$JpaWebConfiguration [main] spring.jpa.open-in-view is enabled by default. Therefore, database queries may be performed during view rendering. Explicitly configure spring.jpa.open-in-view to disable this warning
2022-10-08 11:40:15,607 INFO org.springframework.scheduling.concurrent.ExecutorConfigurationSupport [main] Initializing ExecutorService 'applicationTaskExecutor'
2022-10-08 11:40:15,764 INFO org.springframework.boot.actuate.endpoint.web.EndpointLinksResolver [main] Exposing 3 endpoint(s) beneath base path '/actuator'
2022-10-08 11:40:15,779 INFO org.apache.juli.logging.DirectJDKLog [main] Starting ProtocolHandler ["http-nio-8080"]
2022-10-08 11:40:15,800 INFO org.springframework.boot.web.embedded.tomcat.TomcatWebServer [main] Tomcat started on port(s): 8080 (http) with context path ''
2022-10-08 11:40:15,808 INFO org.springframework.boot.StartupInfoLogger [main] Started EmployeeRestServiceApplication in 2.651 seconds (JVM running for 3.042)
2022-10-08 11:40:15,868 INFO payroll.LoadDatabase [main] Preloading Employee [id=1, firstName=Miguel, lastName=Lacalle-Estrada, role=Purchasing Director, dob=1929-05-12T12:25:34]
2022-10-08 11:40:15,869 INFO payroll.LoadDatabase [main] Preloading Employee [id=2, firstName=Jeffrey, lastName=Jorgensen, role=Procurement Manager, dob=1993-05-12T12:25:34]
2022-10-08 11:40:15,870 INFO payroll.LoadDatabase [main] Preloading Employee [id=3, firstName=Amanda, lastName=Kubernetes, role=Press Director, dob=1972-05-12T12:25:34]
2022-10-08 11:40:15,871 INFO payroll.LoadDatabase [main] Preloading Employee [id=4, firstName=Gerald, lastName=Furmanton, role=General Acccounting Manager, dob=1963-05-12T12:25:34]
2022-10-08 11:40:15,871 INFO payroll.LoadDatabase [main] Preloading Employee [id=5, firstName=Lorraine, lastName=Richards, role=human Resources, dob=1991-05-12T12:25:34]
2022-10-08 11:40:15,872 INFO payroll.LoadDatabase [main] Preloading Employee [id=6, firstName=Juliet, lastName=Flanagram, role=Marketing Deputy Manager, dob=1994-05-12T12:25:34]
2022-10-08 11:40:15,952 INFO payroll.LoadDatabase [main] Preloaded Order{id=7, description='MacBook Pro', status=COMPLETED}
2022-10-08 11:40:15,952 INFO payroll.LoadDatabase [main] Preloaded Order{id=8, description='iPhone', status=IN_PROGRESS}
2022-10-08 11:40:15,952 INFO payroll.LoadDatabase [main] Preloaded Order{id=9, description='Hp Z2 G4 WorkStation', status=IN_PROGRESS}
2022-10-08 11:40:15,953 INFO payroll.EmployeeRestServiceApplication [main] Employee-Rest-Service Application started successfully !
2022-10-08 11:40:15,954 ERROR payroll.EmployeeRestServiceApplication [main] Employee-Rest-Service Application failed :( *** 
java.lang.NullPointerException: null
	at payroll.EmployeeRestServiceApplication.main(EmployeeRestServiceApplication.java:22)
2022-10-08 11:43:05,166 INFO org.apache.juli.logging.DirectJDKLog [http-nio-8080-exec-1] Initializing Spring DispatcherServlet 'dispatcherServlet'
2022-10-08 11:43:05,166 INFO org.springframework.web.servlet.FrameworkServlet [http-nio-8080-exec-1] Initializing Servlet 'dispatcherServlet'
2022-10-08 11:43:05,168 INFO org.springframework.web.servlet.FrameworkServlet [http-nio-8080-exec-1] Completed initialization in 1 ms
2022-10-08 11:43:09,703 INFO org.springframework.scheduling.concurrent.ExecutorConfigurationSupport [Thread-3] Shutting down ExecutorService 'applicationTaskExecutor'
2022-10-08 11:43:09,705 INFO org.springframework.orm.jpa.AbstractEntityManagerFactoryBean [Thread-3] Closing JPA EntityManagerFactory for persistence unit 'default'
2022-10-08 11:43:09,705 INFO org.hibernate.tool.schema.internal.SchemaDropperImpl$DelayedDropActionImpl [Thread-3] HHH000477: Starting delayed evictData of schema as part of SessionFactory shut-down'
2022-10-08 11:43:09,709 INFO com.zaxxer.hikari.HikariDataSource [Thread-3] HikariPool-1 - Shutdown initiated...
2022-10-08 11:43:09,710 INFO com.zaxxer.hikari.HikariDataSource [Thread-3] HikariPool-1 - Shutdown completed.
2022-10-08 12:00:18,360 INFO org.springframework.boot.StartupInfoLogger [main] Starting EmployeeRestServiceApplication using Java 1.8.0_282 on HP-Z2-G4 with PID 37928 (C:\Users\Sebastian\Spring-Boot\employee-rest-service\target\classes started by Sebastian in C:\Users\Sebastian\Spring-Boot\employee-rest-service)
2022-10-08 12:00:18,362 DEBUG org.springframework.boot.StartupInfoLogger [main] Running with Spring Boot v2.4.2, Spring v5.3.3
2022-10-08 12:00:18,363 INFO org.springframework.boot.SpringApplication [main] No active profile set, falling back to default profiles: default
2022-10-08 12:00:18,873 INFO org.springframework.data.repository.config.RepositoryConfigurationDelegate [main] Bootstrapping Spring Data JPA repositories in DEFAULT mode.
2022-10-08 12:00:18,909 INFO org.springframework.data.repository.config.RepositoryConfigurationDelegate [main] Finished Spring Data repository scanning in 30 ms. Found 2 JPA repository interfaces.
2022-10-08 12:00:19,283 INFO org.springframework.boot.web.embedded.tomcat.TomcatWebServer [main] Tomcat initialized with port(s): 8080 (http)
2022-10-08 12:00:19,289 INFO org.apache.juli.logging.DirectJDKLog [main] Initializing ProtocolHandler ["http-nio-8080"]
2022-10-08 12:00:19,289 INFO org.apache.juli.logging.DirectJDKLog [main] Starting service [Tomcat]
2022-10-08 12:00:19,290 INFO org.apache.juli.logging.DirectJDKLog [main] Starting Servlet engine: [Apache Tomcat/9.0.41]
2022-10-08 12:00:19,471 INFO org.apache.juli.logging.DirectJDKLog [main] Initializing Spring embedded WebApplicationContext
2022-10-08 12:00:19,471 INFO org.springframework.boot.web.servlet.context.ServletWebServerApplicationContext [main] Root WebApplicationContext: initialization completed in 1081 ms
2022-10-08 12:00:19,602 INFO com.zaxxer.hikari.HikariDataSource [main] HikariPool-1 - Starting...
2022-10-08 12:00:19,663 INFO com.zaxxer.hikari.HikariDataSource [main] HikariPool-1 - Start completed.
2022-10-08 12:00:19,689 INFO org.hibernate.jpa.internal.util.LogHelper [main] HHH000204: Processing PersistenceUnitInfo [name: default]
2022-10-08 12:00:19,748 INFO org.hibernate.Version [main] HHH000412: Hibernate ORM core version 5.4.27.Final
2022-10-08 12:00:19,825 INFO org.hibernate.annotations.common.reflection.java.JavaReflectionManager [main] HCANN000001: Hibernate Commons Annotations {5.1.2.Final}
2022-10-08 12:00:19,894 INFO org.hibernate.dialect.Dialect [main] HHH000400: Using dialect: org.hibernate.dialect.H2Dialect
2022-10-08 12:00:20,230 INFO org.hibernate.engine.transaction.jta.platform.internal.JtaPlatformInitiator [main] HHH000490: Using JtaPlatform implementation: [org.hibernate.engine.transaction.jta.platform.internal.NoJtaPlatform]
2022-10-08 12:00:20,236 INFO org.springframework.orm.jpa.AbstractEntityManagerFactoryBean [main] Initialized JPA EntityManagerFactory for persistence unit 'default'
2022-10-08 12:00:20,240 INFO org.springframework.beans.factory.annotation.AutowiredAnnotationBeanPostProcessor [main] Autowired annotation is not supported on static fields: private static org.springframework.boot.autoconfigure.web.ServerProperties payroll.EmployeeRestServiceApplication.serverProperties
2022-10-08 12:00:20,405 WARN org.springframework.boot.autoconfigure.orm.jpa.JpaBaseConfiguration$JpaWebConfiguration [main] spring.jpa.open-in-view is enabled by default. Therefore, database queries may be performed during view rendering. Explicitly configure spring.jpa.open-in-view to disable this warning
2022-10-08 12:00:20,502 INFO org.springframework.scheduling.concurrent.ExecutorConfigurationSupport [main] Initializing ExecutorService 'applicationTaskExecutor'
2022-10-08 12:00:20,661 INFO org.springframework.boot.actuate.endpoint.web.EndpointLinksResolver [main] Exposing 3 endpoint(s) beneath base path '/actuator'
2022-10-08 12:00:20,676 INFO org.apache.juli.logging.DirectJDKLog [main] Starting ProtocolHandler ["http-nio-8080"]
2022-10-08 12:00:20,697 INFO org.springframework.boot.web.embedded.tomcat.TomcatWebServer [main] Tomcat started on port(s): 8080 (http) with context path ''
2022-10-08 12:00:20,705 INFO org.springframework.boot.StartupInfoLogger [main] Started EmployeeRestServiceApplication in 2.624 seconds (JVM running for 3.016)
2022-10-08 12:00:20,766 INFO payroll.LoadDatabase [main] Preloading Employee [id=1, firstName=Miguel, lastName=Lacalle-Estrada, role=Purchasing Director, dob=1929-05-12T12:25:34]
2022-10-08 12:00:20,767 INFO payroll.LoadDatabase [main] Preloading Employee [id=2, firstName=Jeffrey, lastName=Jorgensen, role=Procurement Manager, dob=1993-05-12T12:25:34]
2022-10-08 12:00:20,767 INFO payroll.LoadDatabase [main] Preloading Employee [id=3, firstName=Amanda, lastName=Kubernetes, role=Press Director, dob=1972-05-12T12:25:34]
2022-10-08 12:00:20,768 INFO payroll.LoadDatabase [main] Preloading Employee [id=4, firstName=Gerald, lastName=Furmanton, role=General Acccounting Manager, dob=1963-05-12T12:25:34]
2022-10-08 12:00:20,769 INFO payroll.LoadDatabase [main] Preloading Employee [id=5, firstName=Lorraine, lastName=Richards, role=human Resources, dob=1991-05-12T12:25:34]
2022-10-08 12:00:20,770 INFO payroll.LoadDatabase [main] Preloading Employee [id=6, firstName=Juliet, lastName=Flanagram, role=Marketing Deputy Manager, dob=1994-05-12T12:25:34]
2022-10-08 12:00:20,850 INFO payroll.LoadDatabase [main] Preloaded Order{id=7, description='MacBook Pro', status=COMPLETED}
2022-10-08 12:00:20,850 INFO payroll.LoadDatabase [main] Preloaded Order{id=8, description='iPhone', status=IN_PROGRESS}
2022-10-08 12:00:20,850 INFO payroll.LoadDatabase [main] Preloaded Order{id=9, description='Hp Z2 G4 WorkStation', status=IN_PROGRESS}
2022-10-08 12:00:20,851 INFO payroll.EmployeeRestServiceApplication [main] Employee-Rest-Service Application started successfully !
2022-10-08 12:00:20,851 INFO payroll.EmployeeRestServiceApplication [main] Application listening on port: 8080
2022-10-08 12:03:35,741 INFO org.apache.juli.logging.DirectJDKLog [http-nio-8080-exec-1] Initializing Spring DispatcherServlet 'dispatcherServlet'
2022-10-08 12:03:35,742 INFO org.springframework.web.servlet.FrameworkServlet [http-nio-8080-exec-1] Initializing Servlet 'dispatcherServlet'
2022-10-08 12:03:35,743 INFO org.springframework.web.servlet.FrameworkServlet [http-nio-8080-exec-1] Completed initialization in 1 ms
2022-10-08 12:03:35,758 TRACE payroll.EmployeeController [http-nio-8080-exec-1] A TRACE Log
2022-10-08 12:03:35,758 DEBUG payroll.EmployeeController [http-nio-8080-exec-1] A DEBUG Log
2022-10-08 12:03:35,758 INFO payroll.EmployeeController [http-nio-8080-exec-1] An INFO Log
2022-10-08 12:03:35,758 WARN payroll.EmployeeController [http-nio-8080-exec-1] A WARN Log
2022-10-08 12:03:35,759 ERROR payroll.EmployeeController [http-nio-8080-exec-1] An ERROR Log
2022-10-08 12:03:54,927 INFO org.springframework.scheduling.concurrent.ExecutorConfigurationSupport [Thread-3] Shutting down ExecutorService 'applicationTaskExecutor'
2022-10-08 12:03:54,929 INFO org.springframework.orm.jpa.AbstractEntityManagerFactoryBean [Thread-3] Closing JPA EntityManagerFactory for persistence unit 'default'
2022-10-08 12:03:54,929 INFO org.hibernate.tool.schema.internal.SchemaDropperImpl$DelayedDropActionImpl [Thread-3] HHH000477: Starting delayed evictData of schema as part of SessionFactory shut-down'
2022-10-08 12:03:54,933 INFO com.zaxxer.hikari.HikariDataSource [Thread-3] HikariPool-1 - Shutdown initiated...
2022-10-08 12:03:54,934 INFO com.zaxxer.hikari.HikariDataSource [Thread-3] HikariPool-1 - Shutdown completed.
